[14:15:52] [main/INFO]: Setting user: Player585
[14:15:55] [Client thread/INFO]: LWJGL Version: 2.9.1
[14:15:59] [Client thread/INFO]: Reloading ResourceManager: Default, FMLFileResourcePack:Forge Mod Loader, FMLFileResourcePack:Minecraft Forge, FMLFileResourcePack:Not Enough Items, FMLFileResourcePack:MineTut
[14:16:00] [Sound Library Loader/INFO]: Sound engine started
[14:16:00] [Client thread/INFO]: Created: 1024x512 textures/blocks-atlas
[14:16:00] [Client thread/INFO]: Created: 256x256 textures/items-atlas
[14:16:01] [Client thread/INFO]: Reloading ResourceManager: Default, FMLFileResourcePack:Forge Mod Loader, FMLFileResourcePack:Minecraft Forge, FMLFileResourcePack:Not Enough Items, FMLFileResourcePack:MineTut
[14:16:01] [Client thread/INFO]: Created: 1024x512 textures/blocks-atlas
[14:16:01] [Client thread/INFO]: Created: 256x256 textures/items-atlas
[14:16:02] [Sound Library Loader/INFO]: Sound engine started
[14:16:09] [Client thread/INFO]: Deleting level New World2
[14:16:09] [Client thread/INFO]: Attempt 1...
[14:16:13] [Server thread/INFO]: Starting integrated minecraft server version 1.7.10
[14:16:13] [Server thread/INFO]: Generating keypair
[14:16:13] [Server thread/INFO]: Converting map!
[14:16:13] [Server thread/INFO]: Scanning folders...
[14:16:13] [Server thread/INFO]: Total conversion count is 0
[14:16:14] [Server thread/INFO]: Preparing start region for level 0
[14:16:15] [Server thread/INFO]: Preparing spawn area: 16%
[14:16:16] [Server thread/INFO]: Preparing spawn area: 37%
[14:16:17] [Server thread/INFO]: Preparing spawn area: 55%
[14:16:18] [Server thread/INFO]: Preparing spawn area: 72%
[14:16:19] [Server thread/INFO]: Preparing spawn area: 90%
[14:16:19] [Server thread/INFO]: Changing view distance to 16, from 10
[14:16:20] [Server thread/INFO]: Player585[local:E:5a8da5b4] logged in with entity id 278 at (265.5, 69.0, -64.5)
[14:16:20] [Server thread/INFO]: Player585 joined the game
[14:16:25] [Server thread/WARN]: Can't keep up! Did the system time change, or is the server overloaded? Running 4739ms behind, skipping 94 tick(s)
[14:16:33] [Server thread/INFO]: Player585 has just earned the achievement [Taking Inventory]
[14:16:33] [Client thread/INFO]: [CHAT] Player585 has just earned the achievement [Taking Inventory]
[14:16:41] [Server thread/WARN]: Can't keep up! Did the system time change, or is the server overloaded? Running 2742ms behind, skipping 54 tick(s)
[14:16:44] [Client thread/INFO]: Warning: Clientside chunk ticking took 251 ms
[14:16:44] [Client thread/INFO]: Warning: Clientside chunk ticking took 251 ms
[14:16:44] [Client thread/INFO]: Warning: Clientside chunk ticking took 140 ms
[14:17:20] [Client thread/INFO]: [CHAT] You are now playing creative+
[14:17:27] [Server thread/INFO]: [Player585: Given [Oak Wood] * 64 to Player585]
[14:17:27] [Client thread/INFO]: [CHAT] Given [Oak Wood] * 64 to Player585
[14:17:28] [Server thread/INFO]: [Player585: Given [Spruce Wood] * 64 to Player585]
[14:17:28] [Client thread/INFO]: [CHAT] Given [Spruce Wood] * 64 to Player585
[14:17:28] [Server thread/INFO]: [Player585: Given [Birch Wood] * 64 to Player585]
[14:17:28] [Client thread/INFO]: [CHAT] Given [Birch Wood] * 64 to Player585
[14:17:29] [Server thread/INFO]: [Player585: Given [Jungle Wood] * 64 to Player585]
[14:17:29] [Client thread/INFO]: [CHAT] Given [Jungle Wood] * 64 to Player585
[14:17:34] [Server thread/INFO]: [Player585: Given [Coal] * 64 to Player585]
[14:17:34] [Client thread/INFO]: [CHAT] Given [Coal] * 64 to Player585
[14:17:42] [Server thread/INFO]: [Player585: Given [Iron Ingot] * 64 to Player585]
[14:17:42] [Client thread/INFO]: [CHAT] Given [Iron Ingot] * 64 to Player585
[14:17:42] [Server thread/INFO]: [Player585: Given [Iron Ingot] * 64 to Player585]
[14:17:42] [Client thread/INFO]: [CHAT] Given [Iron Ingot] * 64 to Player585
[14:17:48] [Server thread/INFO]: [Player585: Given [Diamond Helmet] * 1 to Player585]
[14:17:48] [Client thread/INFO]: [CHAT] Given [Diamond Helmet] * 1 to Player585
[14:17:48] [Server thread/INFO]: [Player585: Given [Diamond Chestplate] * 1 to Player585]
[14:17:48] [Client thread/INFO]: [CHAT] Given [Diamond Chestplate] * 1 to Player585
[14:17:49] [Server thread/INFO]: [Player585: Given [Diamond Leggings] * 1 to Player585]
[14:17:49] [Client thread/INFO]: [CHAT] Given [Diamond Leggings] * 1 to Player585
[14:17:49] [Server thread/INFO]: [Player585: Given [Diamond Boots] * 1 to Player585]
[14:17:49] [Client thread/INFO]: [CHAT] Given [Diamond Boots] * 1 to Player585
[14:18:02] [Server thread/INFO]: [Player585: Given [Crafting Table] * 1 to Player585]
[14:18:02] [Client thread/INFO]: [CHAT] Given [Crafting Table] * 1 to Player585
[14:18:13] [Client thread/INFO]: [CHAT] You are now playing adventure
[14:18:13] [Client thread/INFO]: [CHAT] You are now playing survival
[14:18:14] [Client thread/INFO]: [CHAT] You are now playing creative
[14:18:29] [Server thread/INFO]: [Player585: Given [§3Ebony Ingot§r] * 64 to Player585]
[14:18:29] [Client thread/INFO]: [CHAT] Given [§3Ebony Ingot§r] * 64 to Player585
[14:19:39] [Client thread/INFO]: [CHAT] You are now playing creative+
[14:19:39] [Client thread/INFO]: [CHAT] You are now playing adventure
[14:19:52] [Server thread/INFO]: Saving and pausing game...
[14:19:52] [Server thread/INFO]: Saving chunks for level 'New World'/Overworld
[14:19:52] [Server thread/INFO]: Saving chunks for level 'New World'/Nether
[14:19:52] [Server thread/INFO]: Saving chunks for level 'New World'/The End
[14:19:53] [Server thread/INFO]: Stopping server
[14:19:53] [Server thread/INFO]: Saving players
[14:19:53] [Server thread/INFO]: Saving worlds
[14:19:53] [Server thread/INFO]: Saving chunks for level 'New World'/Overworld
[14:19:53] [Server thread/INFO]: Saving chunks for level 'New World'/Nether
[14:19:53] [Server thread/INFO]: Saving chunks for level 'New World'/The End
[14:19:55] [Client thread/INFO]: Stopping!
